<?xml version="1.0" encoding="UTF-8"?>
<testng-results ignored="0" total="1" passed="1" failed="0" skipped="0">
  <reporter-output>
  </reporter-output>
  <suite started-at="2026-09-12T13:38:27 IST" name="Default suite" finished-at="2026-09-12T13:38:27 IST" duration-ms="93">
    <groups>
    </groups>
    <test started-at="2026-09-12T13:38:27 IST" name="Default test" finished-at="2026-09-12T13:38:27 IST" duration-ms="93">
      <class name="day43.HardVsSoftAssertions">
        <test-method signature="softAssertion()[pri:0, instance:day43.HardVsSoftAssertions@55141def]" started-at="2026-09-12T13:38:27 IST" name="softAssertion" finished-at="2026-09-12T13:38:27 IST" duration-ms="32" status="PASS">
          <reporter-output>
          </reporter-output>
        </test-method> <!-- softAssertion -->
      </class> <!-- day43.HardVsSoftAssertions -->
    </test> <!-- Default test -->
  </suite> <!-- Default suite -->
</testng-results>
