<?xml version="1.0" encoding="UTF-8"?>
<testng-results ignored="0" total="1" passed="1" failed="0" skipped="0">
  <reporter-output>
  </reporter-output>
  <suite started-at="2026-09-14T01:34:26 IST" name="Default suite" finished-at="2026-09-14T01:34:39 IST" duration-ms="12682">
    <groups>
    </groups>
    <test started-at="2026-09-14T01:34:26 IST" name="Default test" finished-at="2026-09-14T01:34:39 IST" duration-ms="12682">
      <class name="day47.LoginTest">
        <test-method is-config="true" signature="setUp()[pri:0, instance:day47.LoginTest@1f2586d6]" started-at="2026-09-14T01:34:26 IST" name="setUp" finished-at="2026-09-14T01:34:37 IST" duration-ms="10380" status="PASS">
          <reporter-output>
          </reporter-output>
        </test-method> <!-- setUp -->
        <test-method signature="LoginTest()[pri:0, instance:day47.LoginTest@1f2586d6]" started-at="2026-09-14T01:34:37 IST" name="LoginTest" finished-at="2026-09-14T01:34:39 IST" duration-ms="1942" status="PASS">
          <reporter-output>
          </reporter-output>
        </test-method> <!-- LoginTest -->
        <test-method is-config="true" signature="tearDown()[pri:0, instance:day47.LoginTest@1f2586d6]" started-at="2026-09-14T01:34:39 IST" name="tearDown" finished-at="2026-09-14T01:34:39 IST" duration-ms="264" status="PASS">
          <reporter-output>
          </reporter-output>
        </test-method> <!-- tearDown -->
      </class> <!-- day47.LoginTest -->
    </test> <!-- Default test -->
  </suite> <!-- Default suite -->
</testng-results>
