<?xml version="1.0" encoding="UTF-8"?>
<!-- Generated by org.testng.reporters.JUnitXMLReporter -->
<testsuite ignored="0" hostname="LAPTOP-6CT277VG" failures="0" tests="3" name="Default test" time="0.193" errors="0" timestamp="2026-09-12T15:48:37 IST">
  <testcase classname="day44.LoginTests" name="loginByFacebook" time="0.021"/>
  <testcase classname="day44.LoginTests" name="loginByEmail" time="0.004"/>
  <testcase classname="day44.LoginTests" name="loginByTwitter" time="0.008"/>
</testsuite> <!-- Default test -->
