<?xml version="1.0" encoding="UTF-8"?>
<!-- Generated by org.testng.reporters.JUnitReportReporter -->
<testsuite hostname="LAPTOP-6CT277VG" failures="0" tests="3" name="day44.SignUpTests" time="0.015" errors="0" timestamp="2026-09-12T15:55:00 IST" skipped="0">
  <testcase classname="day44.SignUpTests" name="signUpByFacebook" time="0.010"/>
  <testcase classname="day44.SignUpTests" name="signUpByEmail" time="0.003"/>
  <testcase classname="day44.SignUpTests" name="signUpByTwitter" time="0.002"/>
</testsuite> <!-- day44.SignUpTests -->
