<?xml version="1.0" encoding="UTF-8"?>
<!-- Generated by org.testng.reporters.JUnitReportReporter -->
<testsuite hostname="LAPTOP-6CT277VG" failures="0" tests="3" name="day44.LoginTests" time="0.017" errors="0" timestamp="2026-09-12T16:04:24 IST" skipped="0">
  <testcase classname="day44.LoginTests" name="loginByFacebook" time="0.013"/>
  <testcase classname="day44.LoginTests" name="loginByEmail" time="0.002"/>
  <testcase classname="day44.LoginTests" name="loginByTwitter" time="0.002"/>
</testsuite> <!-- day44.LoginTests -->
