<?xml version="1.0" encoding="UTF-8"?>
<!-- Generated by org.testng.reporters.JUnitReportReporter -->
<testsuite hostname="LAPTOP-6CT277VG" failures="0" tests="9" name="day45.ParamTest" time="9.744" errors="0" timestamp="2026-09-13T14:18:56 IST" skipped="0">
  <testcase classname="day45.ParamTest" name="url" time="0.043"/>
  <testcase classname="day45.ParamTest" name="url" time="0.147"/>
  <testcase classname="day45.ParamTest" name="url" time="0.008"/>
  <testcase classname="day45.ParamTest" name="logo" time="3.188"/>
  <testcase classname="day45.ParamTest" name="logo" time="3.144"/>
  <testcase classname="day45.ParamTest" name="logo" time="3.038"/>
  <testcase classname="day45.ParamTest" name="title" time="0.031"/>
  <testcase classname="day45.ParamTest" name="title" time="0.139"/>
  <testcase classname="day45.ParamTest" name="title" time="0.006"/>
</testsuite> <!-- day45.ParamTest -->
