<?xml version="1.0" encoding="UTF-8"?>
<!-- Generated by org.testng.reporters.JUnitXMLReporter -->
<testsuite ignored="0" hostname="LAPTOP-6CT277VG" failures="1" tests="3" name="ListnerTest" time="10.216" errors="0" timestamp="2026-09-13T19:07:18 IST">
  <testcase classname="day46.OrangeHRM" name="url" time="0.026">
    <failure type="java.lang.AssertionError" message="expected [https://opensource-demo.orangehrmlive.com/we.php/auth/login] but found [https://opensource-demo.orangehrmlive.com/web/index.php/auth/login]">
      <![CDATA[java.lang.AssertionError: expected [https://opensource-demo.orangehrmlive.com/we.php/auth/login] but found [https://opensource-demo.orangehrmlive.com/web/index.php/auth/login]
at day46.OrangeHRM.url(OrangeHRM.java:41)
at java.base/java.util.ArrayList.forEach(ArrayList.java:1511)
... Removed 33 stack frames]]>
    </failure>
  </testcase> <!-- url -->
  <testcase classname="day46.OrangeHRM" name="logo" time="3.121"/>
  <testcase classname="day46.OrangeHRM" name="title" time="0.002">
    <skipped/>
  </testcase> <!-- title -->
</testsuite> <!-- ListnerTest -->
