<?xml version="1.0" encoding="UTF-8"?>
<!-- Generated by org.testng.reporters.JUnitXMLReporter -->
<testsuite ignored="0" hostname="LAPTOP-6CT277VG" failures="0" tests="4" name="Test" time="0.236" errors="0" timestamp="2026-09-12T00:01:46 IST">
  <testcase classname="day42.FirstProg" name="test2" time="0.021"/>
  <testcase classname="day42.FirstProg" name="login" time="0.007"/>
  <testcase classname="day42.FirstProg" name="logout" time="0.007"/>
  <testcase classname="day42.FirstProg" name="test" time="0.005"/>
</testsuite> <!-- Test -->
