<?xml version="1.0" encoding="UTF-8"?>
<!-- Generated by org.testng.reporters.JUnitXMLReporter -->
<testsuite ignored="6" hostname="LAPTOP-6CT277VG" failures="0" tests="2" name="groupingTest" time="0.166" errors="0" timestamp="2026-09-12T16:09:14 IST">
  <testcase classname="day44.PaymentTests" name="Doller" time="0.02"/>
  <testcase classname="day44.PaymentTests" name="Rupess" time="0.008"/>
  <testcase classname="day44.SignUpTests" name="signUpByTwitter" time="0.0">
    <ignored/>
  </testcase> <!-- signUpByTwitter -->
  <testcase classname="day44.LoginTests" name="loginByTwitter" time="0.0">
    <ignored/>
  </testcase> <!-- loginByTwitter -->
  <testcase classname="day44.SignUpTests" name="signUpByFacebook" time="0.0">
    <ignored/>
  </testcase> <!-- signUpByFacebook -->
  <testcase classname="day44.LoginTests" name="loginByEmail" time="0.0">
    <ignored/>
  </testcase> <!-- loginByEmail -->
  <testcase classname="day44.LoginTests" name="loginByFacebook" time="0.0">
    <ignored/>
  </testcase> <!-- loginByFacebook -->
  <testcase classname="day44.SignUpTests" name="signUpByEmail" time="0.0">
    <ignored/>
  </testcase> <!-- signUpByEmail -->
</testsuite> <!-- groupingTest -->
