<?xml version="1.0" encoding="UTF-8"?>
<!-- Generated by org.testng.reporters.JUnitXMLReporter -->
<testsuite ignored="2" hostname="LAPTOP-6CT277VG" failures="0" tests="0" name="Test" time="0.688" errors="0" timestamp="2026-09-19T16:37:14 IST">
  <testcase classname="testBase.TC002_LoginAccountTest" name="verify_Login" time="0.0">
    <ignored/>
  </testcase> <!-- verify_Login -->
  <testcase classname="testBase.TC003_Login_DDT" name="loginDDT" time="0.0">
    <ignored/>
  </testcase> <!-- loginDDT -->
</testsuite> <!-- Test -->
