<?xml version="1.0" encoding="UTF-8"?>
<!-- Generated by org.testng.reporters.JUnitXMLReporter -->
<testsuite ignored="0" hostname="LAPTOP-6CT277VG" failures="0" tests="4" name="Test" time="99.235" errors="0" timestamp="2026-09-25T18:53:05 IST">
  <testcase classname="testCases.TC001_AccountRegistrationTest" name="verify_account_registration" time="7.459"/>
  <testcase classname="testCases.TC002_LoginAccountTest" name="verify_Login" time="4.435"/>
  <testcase classname="testCases.TC003_Login_DDT" name="loginDDT" time="4.808"/>
  <testcase classname="testCases.TC003_Login_DDT" name="loginDDT" time="50.842"/>
</testsuite> <!-- Test -->
