<?xml version="1.0" encoding="UTF-8"?>
<!-- Generated by org.testng.reporters.JUnitXMLReporter -->
<testsuite ignored="0" hostname="LAPTOP-6CT277VG" failures="0" tests="4" name="FirstTest" time="0.118" errors="0" timestamp="2026-09-11T23:22:40 IST">
  <testcase classname="day42.FirstProg" name="test2" time="0.012"/>
  <testcase classname="day42.FirstProg" name="login" time="0.003"/>
  <testcase classname="day42.FirstProg" name="logout" time="0.007"/>
  <testcase classname="day42.FirstProg" name="test" time="0.003"/>
</testsuite> <!-- FirstTest -->
