<?xml version="1.0" encoding="UTF-8"?>
<testsuite xmlns:xsi="http://www.w3.org/2001/XMLSchema-instance" xsi:noNamespaceSchemaLocation="https://maven.apache.org/surefire/maven-surefire-plugin/xsd/surefire-test-report.xsd" version="3.0.2" name="TestSuite" time="47.272" tests="2" errors="0" skipped="0" failures="0">
  <properties>
[...]
</properties>
  <testcase name="verify_account_registration" classname="testCases.TC001_AccountRegistrationTest" time="7.274">
    <system-err><![CDATA[Sep 26, 2026 7:33:20 PM org.openqa.selenium.devtools.CdpVersionFinder findNearestMatch
WARNING: Unable to find an exact match for CDP version 154, returning the closest version; found: 151; Please update to a Selenium version that supports CDP version 154
]]></system-err>
  </testcase>
  <testcase name="verify_Login" classname="testCases.TC002_LoginAccountTest" time="3.838">
    <system-err><![CDATA[Sep 26, 2026 7:33:34 PM org.openqa.selenium.devtools.CdpVersionFinder findNearestMatch
WARNING: Unable to find an exact match for CDP version 154, returning the closest version; found: 151; Please update to a Selenium version that supports CDP version 154
]]></system-err>
  </testcase>
</testsuite>